2020-07-09 14:16:00.770624,2020/07/09T21:15:41z,84:f3:eb:7b:c9:a3,4.02,2.0+OPENLOG+15552 MB+DS3231+BME280+PMSX003-B+PMSX003-A,81,36,51,1010.26,0.00,37896,0,2400,0.46,1.33,1.33,0.46,1.33,1.33,6,6,267.04,75.67,11.41,2.19,0.00,0.00,0.58,1.18,2.07,0.58,1.18,2.07,5,5,276.09,75.93,15.46,1.73,1.34,1.34,nan
2020-07-09 14:18:02.532249,2020/07/09T21:17:43z,84:f3:eb:7b:c9:a3,4.02,2.0+OPENLOG+15552 MB+DS3231+BME280+PMSX003-B+PMSX003-A,81,36,51,1010.27,0.00,37992,0,121,1.08,1.81,1.81,1.08,1.81,1.81,8,8,303.35,92.83,9.88,1.12,0.00,0.00,0.64,1.32,1.79,0.64,1.32,1.79,5,5,249.64,72.70,11.79,2.09,0.72,0.00,nan
2020-07-09 14:20:02.526649,2020/07/09T21:19:43z,84:f3:eb:7b:c9:a3,4.02,2.0+OPENLOG+15552 MB+DS3231+BME280+PMSX003-B+PMSX003-A,81,36,52,1010.22,0.00,37864,0,241,0.81,1.49,1.49,0.81,1.49,1.49,6,6,326.56,93.66,10.26,0.06,0.00,0.00,0.54,1.03,1.03,0.54,1.03,1.03,4,4,250.16,73.31,8.57,0.66,0.00,0.00,nan
2020-07-09 14:22:02.526325,2020/07/09T21:21:43z,84:f3:eb:7b:c9:a3,4.02,2.0+OPENLOG+15552 MB+DS3231+BME280+PMSX003-B+PMSX003-A,81,36,52,1010.22,0.00,37864,0,361,0.84,1.22,1.22,0.84,1.22,1.22,5,5,289.52,84.58,11.13,0.00,0.00,0.00,0.93,2.04,2.19,0.93,2.04,2.19,9,9,316.94,91.65,14.71,1.85,0.29,0.00,nan
2020-07-09 14:24:02.525440,2020/07/09T21:23:43z,84:f3:eb:7b:c9:a3,4.02,2.0+OPENLOG+15552 MB+DS3231+BME280+PMSX003-B+PMSX003-A,81,36,52,1010.22,0.00,37864,0,481,0.64,0.96,1.31,0.64,0.96,1.31,4,4,270.51,75.56,11.73,0.49,0.49,0.49,0.74,1.53,1.65,0.74,1.53,1.65,6,6,280.82,81.61,13.76,1.15,0.21,0.00,nan
2020-07-09 14:26:02.523216,2020/07/09T21:25:43z,84:f3:eb:7b:c9:a3,4.02,2.0+OPENLOG+15552 MB+DS3231+BME280+PMSX003-B+PMSX003-A,81,37,52,1010.17,0.00,37864,0,601,0.77,1.07,1.12,0.77,1.07,1.12,4,4,264.30,74.94,6.10,0.84,0.00,0.00,0.90,1.67,1.67,0.90,1.67,1.67,7,7,309.87,84.83,14.14,1.62,0.00,0.00,nan
2020-07-09 14:28:02.522741,2020/07/09T21:27:43z,84:f3:eb:7b:c9:a3,4.02,2.0+OPENLOG+15552 MB+DS3231+BME280+PMSX003-B+PMSX003-A,81,37,52,1010.20,0.00,37864,0,721,0.73,1.87,1.87,0.73,1.87,1.87,8,8,311.37,91.69,16.21,1.82,0.00,0.00,0.49,0.83,0.83,0.49,0.83,0.83,3,3,297.43,84.38,10.00,0.52,0.00,0.00,nan
2020-07-09 14:30:02.522144,2020/07/09T21:29:43z,84:f3:eb:7b:c9:a3,4.02,2.0+OPENLOG+15552 MB+DS3231+BME280+PMSX003-B+PMSX003-A,81,37,52,1010.13,0.00,37864,0,841,0.72,1.63,1.63,0.72,1.63,1.63,7,7,291.31,87.37,18.16,0.74,0.00,0.00,0.35,0.72,0.72,0.35,0.72,0.72,3,3,300.35,86.41,10.09,1.30,0.00,0.00,nan
2020-07-09 14:32:02.520814,2020/07/09T21:31:43z,84:f3:eb:7b:c9:a3,4.02,2.0+OPENLOG+15552 MB+DS3231+BME280+PMSX003-B+PMSX003-A,81,37,52,1010.20,0.00,37864,0,961,0.46,1.13,1.13,0.46,1.13,1.13,5,5,246.81,74.37,11.47,0.00,0.00,0.00,0.25,0.63,1.49,0.25,0.63,1.49,3,3,273.35,78.40,11.68,1.59,1.26,0.88,nan
2020-07-09 14:34:02.520067,2020/07/09T21:33:43z,84:f3:eb:7b:c9:a3,4.02,2.0+OPENLOG+15552 MB+DS3231+BME280+PMSX003-B+PMSX003-A,81,36,52,1010.14,0.00,37864,0,1081,0.89,1.53,1.53,0.89,1.53,1.53,6,6,303.43,89.03,17.24,0.00,0.00,0.00,0.37,0.79,1.07,0.37,0.79,1.07,3,3,271.90,73.72,11.09,0.88,0.38,0.00,nan
2020-07-09 14:36:02.519177,2020/07/09T21:35:43z,84:f3:eb:7b:c9:a3,4.02,2.0+OPENLOG+15552 MB+DS3231+BME280+PMSX003-B+PMSX003-A,81,36,51,1010.18,0.00,37864,0,1201,0.83,1.29,1.29,0.83,1.29,1.29,5,5,267.86,75.19,13.44,0.34,0.00,0.00,0.11,1.03,1.31,0.11,1.03,1.31,4,4,269.66,75.04,12.14,2.03,0.39,0.39,nan
2020-07-09 14:38:02.519761,2020/07/09T21:37:43z,84:f3:eb:7b:c9:a3,4.02,2.0+OPENLOG+15552 MB+DS3231+BME280+PMSX003-B+PMSX003-A,81,35,51,1010.14,0.00,37864,0,1321,0.50,0.94,0.94,0.50,0.94,0.94,4,4,255.62,73.69,9.78,1.22,0.00,0.00,0.40,0.79,0.79,0.40,0.79,0.79,3,3,242.83,68.81,9.39,0.33,0.00,0.00,nan
2020-07-09 14:40:02.522242,2020/07/09T21:39:43z,84:f3:eb:7b:c9:a3,4.02,2.0+OPENLOG+15552 MB+DS3231+BME280+PMSX003-B+PMSX003-A,79,35,49,1007.82,0.00,37864,0,1441,0.35,0.77,0.77,0.35,0.77,0.77,3,3,216.93,62.13,7.21,0.17,0.00,0.00,0.40,0.99,0.99,0.40,0.99,0.99,4,4,253.24,71.12,13.18,1.65,0.00,0.00,nan
2020-07-09 14:42:02.519200,2020/07/09T21:41:43z,84:f3:eb:7b:c9:a3,4.02,2.0+OPENLOG+15552 MB+DS3231+BME280+PMSX003-B+PMSX003-A,81,35,51,1010.13,0.00,37864,0,1561,0.44,1.18,1.18,0.44,1.18,1.18,5,5,246.04,71.26,12.01,0.44,0.00,0.00,0.66,1.43,1.74,0.66,1.43,1.74,6,6,314.21,87.37,12.71,1.18,0.35,0.35,nan
2020-07-09 14:44:02.516524,2020/07/09T21:43:43z,84:f3:eb:7b:c9:a3,4.02,2.0+OPENLOG+15552 MB+DS3231+BME280+PMSX003-B+PMSX003-A,81,35,51,1010.15,0.00,37864,0,1681,0.53,1.29,1.29,0.53,1.29,1.29,5,5,245.91,74.84,13.25,0.00,0.00,0.00,0.43,0.90,0.90,0.43,0.90,0.90,4,4,250.67,69.81,8.17,0.00,0.00,0.00,nan
2020-07-09 14:46:02.519586,2020/07/09T21:45:43z,84:f3:eb:7b:c9:a3,4.02,2.0+OPENLOG+15552 MB+DS3231+BME280+PMSX003-B+PMSX003-A,81,36,51,1010.13,0.00,37864,0,1801,0.37,1.12,1.38,0.37,1.12,1.38,5,5,291.31,83.54,11.18,0.35,0.35,0.35,0.44,1.35,1.68,0.44,1.35,1.68,6,6,256.73,72.23,9.86,1.66,0.48,0.48,nan
2020-07-09 14:48:02.517651,2020/07/09T21:47:43z,84:f3:eb:7b:c9:a3,4.02,2.0+OPENLOG+15552 MB+DS3231+BME280+PMSX003-B+PMSX003-A,81,36,51,1010.10,0.00,37864,0,1921,0.34,0.71,0.86,0.34,0.71,0.86,3,3,250.11,75.53,10.96,0.14,0.14,0.14,0.63,1.04,1.04,0.63,1.04,1.04,4,4,264.49,73.25,7.37,1.16,0.00,0.00,nan
2020-07-09 14:50:02.520118,2020/07/09T21:49:43z,84:f3:eb:7b:c9:a3,4.02,2.0+OPENLOG+15552 MB+DS3231+BME280+PMSX003-B+PMSX003-A,81,36,51,1010.04,0.00,37864,0,2041,0.42,0.80,0.89,0.42,0.80,0.89,3,3,279.21,83.58,11.20,0.54,0.00,0.00,0.75,1.61,2.13,0.75,1.61,2.13,7,7,282.72,81.79,12.96,2.09,0.75,0.42,nan
2020-07-09 14:52:02.520087,2020/07/09T21:51:43z,84:f3:eb:7b:c9:a3,4.02,2.0+OPENLOG+15552 MB+DS3231+BME280+PMSX003-B+PMSX003-A,81,36,52,1010.05,0.00,37864,0,2161,0.68,1.40,1.46,0.68,1.40,1.46,6,6,292.59,85.65,9.90,0.74,0.00,0.00,0.66,1.23,1.45,0.66,1.23,1.45,5,5,269.54,79.62,9.21,1.66,0.45,0.39,nan
2020-07-09 14:54:02.517805,2020/07/09T21:53:43z,84:f3:eb:7b:c9:a3,4.02,2.0+OPENLOG+15552 MB+DS3231+BME280+PMSX003-B+PMSX003-A,81,36,51,1010.07,0.00,37864,0,2281,0.96,1.30,1.30,0.96,1.30,1.30,5,5,301.07,85.57,8.63,0.00,0.00,0.00,0.13,0.49,0.84,0.13,0.49,0.84,2,2,225.86,60.34,10.49,1.29,0.71,0.40,nan
2020-07-09 14:56:02.516977,2020/07/09T21:55:43z,84:f3:eb:7b:c9:a3,4.02,2.0+OPENLOG+15552 MB+DS3231+BME280+PMSX003-B+PMSX003-A,81,36,51,1010.06,0.00,37864,0,2401,0.29,0.93,1.72,0.29,0.93,1.72,4,4,235.81,67.60,9.57,1.65,1.32,0.53,0.66,1.15,1.15,0.66,1.15,1.15,5,5,289.70,78.93,9.85,1.31,0.00,0.00,nan
2020-07-09 14:58:05.303791,2020/07/09T21:57:46z,84:f3:eb:7b:c9:a3,4.02,2.0+OPENLOG+15552 MB+DS3231+BME280+PMSX003-B+PMSX003-A,82,36,52,1010.08,0.00,37984,0,122,0.48,1.13,1.13,0.48,1.13,1.13,5,5,255.69,75.17,13.48,0.38,0.00,0.00,0.37,0.78,0.78,0.37,0.78,0.78,3,3,274.53,75.31,12.00,1.84,0.00,0.00,nan
2020-07-09 15:00:05.303199,2020/07/09T21:59:46z,84:f3:eb:7b:c9:a3,4.02,2.0+OPENLOG+15552 MB+DS3231+BME280+PMSX003-B+PMSX003-A,82,36,52,1010.01,0.00,37896,0,242,0.75,1.48,1.70,0.75,1.48,1.70,6,6,267.76,80.18,13.46,1.19,0.36,0.36,0.71,1.27,1.27,0.71,1.27,1.27,5,5,282.04,82.53,11.20,0.86,0.00,0.00,nan
2020-07-09 15:02:05.304196,2020/07/09T22:01:46z,84:f3:eb:7b:c9:a3,4.02,2.0+OPENLOG+15552 MB+DS3231+BME280+PMSX003-B+PMSX003-A,82,35,52,1010.00,0.00,37864,0,362,0.60,1.37,1.59,0.60,1.37,1.59,6,6,258.77,75.07,14.83,1.43,0.34,0.00,0.69,0.81,0.81,0.69,0.81,0.81,3,3,252.53,71.59,8.56,0.06,0.00,0.00,nan
2020-07-09 15:04:05.303603,2020/07/09T22:03:46z,84:f3:eb:7b:c9:a3,4.02,2.0+OPENLOG+15552 MB+DS3231+BME280+PMSX003-B+PMSX003-A,82,35,51,1010.03,0.00,37864,0,482,0.32,0.89,1.27,0.32,0.89,1.27,4,4,234.80,67.62,12.27,1.21,0.56,0.48,0.34,1.44,1.59,0.34,1.44,1.59,6,6,278.82,81.06,13.21,1.44,0.21,0.21,nan
2020-07-09 15:06:05.303497,2020/07/09T22:05:46z,84:f3:eb:7b:c9:a3,4.02,2.0+OPENLOG+15552 MB+DS3231+BME280+PMSX003-B+PMSX003-A,81,35,50,1010.06,0.00,37864,0,602,0.41,0.95,1.24,0.41,0.95,1.24,4,4,225.09,67.61,9.11,1.42,0.36,0.36,0.37,0.78,1.01,0.37,0.78,1.01,3,3,224.87,65.31,9.22,0.72,0.24,0.24,nan
2020-07-09 15:08:05.304398,2020/07/09T22:07:46z,84:f3:eb:7b:c9:a3,4.02,2.0+OPENLOG+15552 MB+DS3231+BME280+PMSX003-B+PMSX003-A,74,35,44,1003.10,0.00,37864,0,722,0.06,0.89,0.89,0.06,0.89,0.89,4,4,225.59,68.14,8.91,0.00,0.00,0.00,0.47,1.19,1.19,0.47,1.19,1.19,5,5,244.50,68.88,12.09,1.76,0.00,0.00,nan
2020-07-09 15:10:05.304475,2020/07/09T22:09:46z,84:f3:eb:7b:c9:a3,4.02,2.0+OPENLOG+15552 MB+DS3231+BME280+PMSX003-B+PMSX003-A,81,35,51,1009.95,0.00,37864,0,842,0.82,1.16,1.16,0.82,1.16,1.16,5,5,259.15,78.51,10.93,0.47,0.00,0.00,0.43,0.74,0.74,0.43,0.74,0.74,3,3,242.03,67.28,9.44,0.32,0.00,0.00,nan
2020-07-09 15:12:05.303952,2020/07/09T22:11:46z,84:f3:eb:7b:c9:a3,4.02,2.0+OPENLOG+15552 MB+DS3231+BME280+PMSX003-B+PMSX003-A,81,35,51,1009.95,0.00,37864,0,962,0.12,0.59,0.81,0.12,0.59,0.81,2,2,216.00,64.74,12.49,0.91,0.44,0.00,0.28,0.52,0.93,0.28,0.52,0.93,2,2,249.76,67.97,11.64,1.43,0.51,0.51,nan
2020-07-09 15:14:05.309933,2020/07/09T22:13:46z,84:f3:eb:7b:c9:a3,4.02,2.0+OPENLOG+15552 MB+DS3231+BME280+PMSX003-B+PMSX003-A,81,35,51,1009.95,0.00,37864,0,1082,0.59,0.81,0.81,0.59,0.81,0.81,3,3,250.41,71.91,10.68,0.38,0.00,0.00,0.28,0.78,1.07,0.28,0.78,1.07,3,3,253.81,70.35,8.85,1.21,0.35,0.00,nan
2020-07-09 15:16:05.307109,2020/07/09T22:15:46z,84:f3:eb:7b:c9:a3,4.02,2.0+OPENLOG+15552 MB+DS3231+BME280+PMSX003-B+PMSX003-A,81,35,51,1009.94,0.00,37864,0,1202,0.28,0.96,0.96,0.28,0.96,0.96,4,4,254.91,75.18,16.25,0.42,0.00,0.00,0.31,0.67,1.34,0.31,0.67,1.34,3,3,278.44,76.89,11.74,1.14,0.74,0.74,nan
2020-07-09 15:18:05.310300,2020/07/09T22:17:46z,84:f3:eb:7b:c9:a3,4.02,2.0+OPENLOG+15552 MB+DS3231+BME280+PMSX003-B+PMSX003-A,81,35,51,1009.93,0.00,37864,0,1322,0.41,1.01,1.01,0.41,1.01,1.01,4,4,232.94,65.46,11.66,0.76,0.00,0.00,0.76,1.45,1.46,0.76,1.45,1.46,6,6,271.94,77.38,12.20,0.93,0.03,0.03,nan
2020-07-09 15:20:05.308488,2020/07/09T22:19:46z,84:f3:eb:7b:c9:a3,4.02,2.0+OPENLOG+15552 MB+DS3231+BME280+PMSX003-B+PMSX003-A,81,35,51,1009.94,0.00,37864,0,1442,0.35,0.83,0.83,0.35,0.83,0.83,3,3,215.33,65.29,8.81,0.58,0.00,0.00,0.22,0.46,0.78,0.22,0.46,0.78,2,2,225.31,61.46,6.57,0.63,0.39,0.39,nan
2020-07-09 15:22:05.308703,2020/07/09T22:21:46z,84:f3:eb:7b:c9:a3,4.02,2.0+OPENLOG+15552 MB+DS3231+BME280+PMSX003-B+PMSX003-A,82,35,52,1009.88,0.00,37864,0,1562,0.59,0.90,1.25,0.59,0.90,1.25,4,4,258.85,72.20,9.51,1.38,0.37,0.37,0.07,0.75,0.75,0.07,0.75,0.75,3,3,202.87,56.90,5.54,1.28,0.00,0.00,nan
2020-07-09 15:24:05.313999,2020/07/09T22:23:46z,84:f3:eb:7b:c9:a3,4.02,2.0+OPENLOG+15552 MB+DS3231+BME280+PMSX003-B+PMSX003-A,82,35,51,1009.90,0.00,37864,0,1682,0.38,0.82,1.41,0.38,0.82,1.41,3,3,250.18,71.53,8.79,1.09,0.82,0.82,0.18,0.92,1.49,0.18,0.92,1.49,4,4,262.82,72.82,9.46,1.35,0.85,0.85,nan
2020-07-09 15:26:05.307287,2020/07/09T22:25:46z,84:f3:eb:7b:c9:a3,4.02,2.0+OPENLOG+15552 MB+DS3231+BME280+PMSX003-B+PMSX003-A,81,34,50,1009.87,0.00,37864,0,1802,0.49,1.10,1.10,0.49,1.10,1.10,5,5,246.49,71.39,8.27,0.54,0.00,0.00,0.44,1.31,1.31,0.44,1.31,1.31,5,5,235.18,67.49,12.51,1.86,0.00,0.00,nan
2020-07-09 15:28:05.314918,2020/07/09T22:27:46z,84:f3:eb:7b:c9:a3,4.02,2.0+OPENLOG+15552 MB+DS3231+BME280+PMSX003-B+PMSX003-A,81,34,50,1009.89,0.00,37864,0,1922,0.45,0.72,0.72,0.45,0.72,0.72,3,3,238.78,68.61,5.97,0.00,0.00,0.00,0.54,1.07,1.46,0.54,1.07,1.46,4,4,281.46,76.21,10.36,1.46,0.42,0.42,nan
2020-07-09 15:30:05.308997,2020/07/09T22:29:46z,84:f3:eb:7b:c9:a3,4.02,2.0+OPENLOG+15552 MB+DS3231+BME280+PMSX003-B+PMSX003-A,81,34,50,1009.81,0.00,37864,0,2042,0.38,1.06,1.06,0.38,1.06,1.06,4,4,230.54,69.34,10.58,1.18,0.00,0.00,0.01,0.23,0.32,0.01,0.23,0.32,1,1,212.61,57.74,8.81,0.99,0.12,0.12,nan
2020-07-09 15:32:05.310207,2020/07/09T22:31:46z,84:f3:eb:7b:c9:a3,4.02,2.0+OPENLOG+15552 MB+DS3231+BME280+PMSX003-B+PMSX003-A,81,34,50,1009.80,0.00,37864,0,2162,0.07,0.76,0.76,0.07,0.76,0.76,3,3,231.35,62.34,6.21,0.59,0.00,0.00,0.13,0.70,0.84,0.13,0.70,0.84,3,3,224.23,62.17,8.06,1.23,0.29,0.29,nan
2020-07-09 15:34:05.308426,2020/07/09T22:33:46z,84:f3:eb:7b:c9:a3,4.02,2.0+OPENLOG+15552 MB+DS3231+BME280+PMSX003-B+PMSX003-A,81,34,50,1009.82,0.00,37864,0,2282,0.18,0.40,0.65,0.18,0.40,0.65,2,2,175.72,52.50,10.49,1.94,0.41,0.41,0.57,0.97,0.97,0.57,0.97,0.97,4,4,232.96,68.58,8.99,0.17,0.00,0.00,nan
2020-07-09 15:36:05.307301,2020/07/09T22:35:46z,84:f3:eb:7b:c9:a3,4.02,2.0+OPENLOG+15552 MB+DS3231+BME280+PMSX003-B+PMSX003-A,73,34,43,1002.14,0.00,37864,0,2402,0.53,0.96,1.37,0.53,0.96,1.37,4,4,214.33,66.90,13.60,1.09,0.37,0.00,0.50,1.26,1.26,0.50,1.26,1.26,5,5,231.35,68.18,12.32,0.29,0.00,0.00,nan
2020-07-09 15:38:07.442191,2020/07/09T22:37:48z,84:f3:eb:7b:c9:a3,4.02,2.0+OPENLOG+15552 MB+DS3231+BME280+PMSX003-B+PMSX003-A,81,35,50,1009.84,0.00,37992,0,121,0.00,0.17,0.29,0.00,0.17,0.29,1,1,199.56,53.92,7.96,0.23,0.23,0.23,0.33,1.08,1.21,0.33,1.08,1.21,5,5,236.06,68.27,9.21,1.58,0.25,0.25,nan
2020-07-09 15:40:07.443946,2020/07/09T22:39:48z,84:f3:eb:7b:c9:a3,4.02,2.0+OPENLOG+15552 MB+DS3231+BME280+PMSX003-B+PMSX003-A,81,35,50,1009.77,0.00,37864,0,241,0.39,0.69,0.69,0.39,0.69,0.69,3,3,231.63,68.16,9.39,0.99,0.00,0.00,0.72,1.27,1.83,0.72,1.27,1.83,5,5,274.39,83.58,13.52,0.79,0.70,0.70,nan
2020-07-09 15:42:07.445677,2020/07/09T22:41:48z,84:f3:eb:7b:c9:a3,4.02,2.0+OPENLOG+15552 MB+DS3231+BME280+PMSX003-B+PMSX003-A,81,35,50,1009.76,0.00,37864,0,361,0.20,0.97,0.97,0.20,0.97,0.97,4,4,214.16,61.24,11.83,0.49,0.00,0.00,0.19,0.83,0.83,0.19,0.83,0.83,3,3,204.52,59.97,9.01,1.04,0.00,0.00,nan
2020-07-09 15:44:07.443875,2020/07/09T22:43:48z,84:f3:eb:7b:c9:a3,4.02,2.0+OPENLOG+15552 MB+DS3231+BME280+PMSX003-B+PMSX003-A,81,35,50,1009.74,0.00,37864,0,481,0.19,0.64,0.76,0.19,0.64,0.76,3,3,203.57,60.84,11.13,0.49,0.00,0.00,0.81,0.90,1.30,0.81,0.90,1.30,4,4,244.97,72.09,7.76,0.66,0.45,0.45,nan
2020-07-09 15:46:07.446753,2020/07/09T22:45:48z,84:f3:eb:7b:c9:a3,4.02,2.0+OPENLOG+15552 MB+DS3231+BME280+PMSX003-B+PMSX003-A,81,35,51,1009.75,0.00,37864,0,601,0.47,0.94,0.94,0.47,0.94,0.94,4,4,245.00,75.38,14.00,0.48,0.00,0.00,0.22,0.51,0.51,0.22,0.51,0.51,2,2,233.43,65.91,12.17,0.00,0.00,0.00,nan
2020-07-09 15:48:07.441740,2020/07/09T22:47:48z,84:f3:eb:7b:c9:a3,4.02,2.0+OPENLOG+15552 MB+DS3231+BME280+PMSX003-B+PMSX003-A,81,35,50,1009.75,0.00,37864,0,721,0.47,1.02,1.52,0.47,1.02,1.52,4,4,243.68,70.39,10.15,1.39,0.55,0.55,0.55,1.03,1.28,0.55,1.03,1.28,4,4,233.13,70.52,12.06,0.87,0.41,0.41,nan
2020-07-09 15:50:07.439897,2020/07/09T22:49:48z,84:f3:eb:7b:c9:a3,4.02,2.0+OPENLOG+15552 MB+DS3231+BME280+PMSX003-B+PMSX003-A,81,34,50,1009.71,0.00,37864,0,841,0.28,0.65,0.90,0.28,0.65,0.90,3,3,206.83,62.42,5.59,0.84,0.49,0.00,0.00,0.57,0.97,0.00,0.57,0.97,2,2,180.35,53.32,8.18,2.29,0.44,0.44,nan
2020-07-09 15:52:07.444695,2020/07/09T22:51:48z,84:f3:eb:7b:c9:a3,4.02,2.0+OPENLOG+15552 MB+DS3231+BME280+PMSX003-B+PMSX003-A,81,34,50,1009.73,0.00,37864,0,961,0.15,0.29,0.59,0.15,0.29,0.59,1,1,199.68,60.47,9.90,0.47,0.47,0.47,0.18,0.81,0.81,0.18,0.81,0.81,3,3,206.78,60.42,11.22,0.48,0.00,0.00,nan
2020-07-09 15:54:07.440221,2020/07/09T22:53:48z,84:f3:eb:7b:c9:a3,4.02,2.0+OPENLOG+15552 MB+DS3231+BME280+PMSX003-B+PMSX003-A,81,34,50,1009.73,0.00,37864,0,1081,0.10,0.37,0.37,0.10,0.37,0.37,2,2,177.51,51.17,5.33,0.00,0.00,0.00,0.18,0.40,0.40,0.18,0.40,0.40,2,2,182.60,54.90,9.91,0.21,0.00,0.00,nan
2020-07-09 15:56:07.439825,2020/07/09T22:55:48z,84:f3:eb:7b:c9:a3,4.02,2.0+OPENLOG+15552 MB+DS3231+BME280+PMSX003-B+PMSX003-A,81,34,50,1009.74,0.00,37864,0,1201,0.06,0.49,0.49,0.06,0.49,0.49,2,2,182.57,53.51,7.61,0.00,0.00,0.00,0.07,0.16,0.33,0.07,0.16,0.33,1,1,196.20,53.29,10.00,0.83,0.34,0.00,nan
2020-07-09 15:58:07.439444,2020/07/09T22:57:48z,84:f3:eb:7b:c9:a3,4.02,2.0+OPENLOG+15552 MB+DS3231+BME280+PMSX003-B+PMSX003-A,81,34,50,1009.73,0.00,37864,0,1321,0.18,0.82,0.82,0.18,0.82,0.82,3,3,205.99,60.10,9.68,0.82,0.00,0.00,0.18,0.50,0.50,0.18,0.50,0.50,2,2,216.00,61.24,6.15,0.00,0.00,0.00,nan
2020-07-09 16:00:07.440650,2020/07/09T22:59:48z,84:f3:eb:7b:c9:a3,4.02,2.0+OPENLOG+15552 MB+DS3231+BME280+PMSX003-B+PMSX003-A,81,34,50,1009.68,0.00,37864,0,1441,0.22,0.79,0.79,0.22,0.79,0.79,3,3,194.96,56.29,7.57,0.83,0.00,0.00,0.18,0.64,0.64,0.18,0.64,0.64,3,3,208.21,57.46,9.58,0.27,0.00,0.00,nan
2020-07-09 16:02:07.439666,2020/07/09T23:01:48z,84:f3:eb:7b:c9:a3,4.02,2.0+OPENLOG+15552 MB+DS3231+BME280+PMSX003-B+PMSX003-A,81,34,50,1009.72,0.00,37864,0,1561,0.34,1.35,1.62,0.34,1.35,1.62,6,6,212.07,63.11,14.38,2.92,0.45,0.00,0.04,0.57,0.69,0.04,0.57,0.69,2,2,196.16,54.30,8.24,0.45,0.24,0.00,nan
2020-07-09 16:04:07.439768,2020/07/09T23:03:48z,84:f3:eb:7b:c9:a3,4.02,2.0+OPENLOG+15552 MB+DS3231+BME280+PMSX003-B+PMSX003-A,81,35,50,1009.66,0.00,37864,0,1681,0.18,0.62,0.62,0.18,0.62,0.62,3,3,186.79,55.25,8.62,1.32,0.00,0.00,0.31,0.91,1.00,0.31,0.91,1.00,4,4,234.43,65.83,9.83,1.17,0.17,0.00,nan
2020-07-09 16:06:07.439828,2020/07/09T23:05:48z,84:f3:eb:7b:c9:a3,4.02,2.0+OPENLOG+15552 MB+DS3231+BME280+PMSX003-B+PMSX003-A,81,35,50,1009.65,0.00,37864,0,1801,0.06,0.90,1.33,0.06,0.90,1.33,4,4,187.35,52.99,11.77,1.36,0.52,0.52,0.00,0.57,1.17,0.00,0.57,1.17,2,2,222.39,60.71,13.77,2.29,0.80,0.46,nan
2020-07-09 16:08:07.438831,2020/07/09T23:07:48z,84:f3:eb:7b:c9:a3,4.02,2.0+OPENLOG+15552 MB+DS3231+BME280+PMSX003-B+PMSX003-A,81,35,51,1009.65,0.00,37864,0,1921,0.24,0.94,1.87,0.24,0.94,1.87,4,4,250.94,69.68,11.48,1.52,1.13,1.13,0.23,0.84,0.91,0.23,0.84,0.91,4,4,223.35,64.00,10.70,0.64,0.14,0.00,nan
2020-07-09 16:10:07.440712,2020/07/09T23:09:48z,84:f3:eb:7b:c9:a3,4.02,2.0+OPENLOG+15552 MB+DS3231+BME280+PMSX003-B+PMSX003-A,81,35,51,1009.64,0.00,37864,0,2041,0.06,0.34,0.34,0.06,0.34,0.34,1,1,197.70,61.31,6.03,0.00,0.00,0.00,0.18,0.63,1.10,0.18,0.63,1.10,3,3,236.47,65.97,13.15,1.50,0.74,0.74,nan
2020-07-09 16:12:07.438336,2020/07/09T23:11:48z,84:f3:eb:7b:c9:a3,4.02,2.0+OPENLOG+15552 MB+DS3231+BME280+PMSX003-B+PMSX003-A,81,35,51,1009.68,0.00,37864,0,2161,0.09,0.35,0.35,0.09,0.35,0.35,1,1,180.88,55.40,7.65,0.41,0.00,0.00,0.37,0.66,1.04,0.37,0.66,1.04,3,3,242.83,64.29,6.46,0.89,0.46,0.46,nan
2020-07-09 16:14:07.439909,2020/07/09T23:13:48z,84:f3:eb:7b:c9:a3,4.02,2.0+OPENLOG+15552 MB+DS3231+BME280+PMSX003-B+PMSX003-A,81,35,50,1009.62,0.00,37864,0,2281,0.27,0.68,0.68,0.27,0.68,0.68,3,3,206.18,62.76,6.68,0.94,0.00,0.00,0.11,0.48,0.73,0.11,0.48,0.73,2,2,197.32,57.27,9.52,1.58,0.51,0.00,nan
2020-07-09 16:16:07.440029,2020/07/09T23:15:48z,84:f3:eb:7b:c9:a3,4.02,2.0+OPENLOG+15552 MB+DS3231+BME280+PMSX003-B+PMSX003-A,81,34,50,1009.59,0.00,37864,0,2401,0.03,0.54,0.79,0.03,0.54,0.79,2,2,162.88,48.99,7.87,0.79,0.41,0.00,0.43,0.80,0.80,0.43,0.80,0.80,3,3,233.91,68.83,11.09,0.60,0.00,0.00,nan
2020-07-09 16:18:08.771455,2020/07/09T23:17:49z,84:f3:eb:7b:c9:a3,4.02,2.0+OPENLOG+15552 MB+DS3231+BME280+PMSX003-B+PMSX003-A,81,34,50,1009.57,0.00,37984,0,120,0.00,0.17,0.17,0.00,0.17,0.17,1,1,166.85,45.63,5.88,0.00,0.00,0.00,0.56,0.88,0.88,0.56,0.88,0.88,4,4,243.56,68.71,8.38,0.00,0.00,0.00,nan
2020-07-09 16:20:08.773229,2020/07/09T23:19:49z,84:f3:eb:7b:c9:a3,4.02,2.0+OPENLOG+15552 MB+DS3231+BME280+PMSX003-B+PMSX003-A,81,34,50,1009.57,0.00,37864,0,240,0.00,0.81,0.81,0.00,0.81,0.81,3,3,191.16,53.46,11.93,1.15,0.00,0.00,0.00,0.47,0.77,0.00,0.47,0.77,2,2,182.14,51.60,7.14,0.37,0.37,0.37,nan
2020-07-09 16:22:08.772044,2020/07/09T23:21:49z,84:f3:eb:7b:c9:a3,4.02,2.0+OPENLOG+15552 MB+DS3231+BME280+PMSX003-B+PMSX003-A,81,34,50,1009.52,0.00,37864,0,360,0.38,0.96,0.96,0.38,0.96,0.96,4,4,225.80,63.48,11.13,1.15,0.00,0.00,0.04,0.90,0.90,0.04,0.90,0.90,4,4,214.94,61.38,11.32,0.00,0.00,0.00,nan
2020-07-09 16:24:08.768506,2020/07/09T23:23:49z,84:f3:eb:7b:c9:a3,4.02,2.0+OPENLOG+15552 MB+DS3231+BME280+PMSX003-B+PMSX003-A,81,34,50,1009.55,0.00,37864,0,480,0.13,0.82,1.08,0.13,0.82,1.08,3,3,198.97,57.30,11.24,1.30,0.37,0.37,0.39,0.71,0.77,0.39,0.71,0.77,3,3,223.13,64.81,9.19,0.43,0.06,0.06,nan
2020-07-09 16:26:08.770799,2020/07/09T23:25:49z,84:f3:eb:7b:c9:a3,4.02,2.0+OPENLOG+15552 MB+DS3231+BME280+PMSX003-B+PMSX003-A,81,34,50,1009.49,0.00,37864,0,600,0.19,0.46,0.46,0.19,0.46,0.46,2,2,177.48,49.58,6.90,0.87,0.00,0.00,0.12,0.57,1.38,0.12,0.57,1.38,2,2,227.91,62.96,9.57,1.39,0.90,0.90,nan
2020-07-09 16:28:08.767515,2020/07/09T23:27:49z,84:f3:eb:7b:c9:a3,4.02,2.0+OPENLOG+15552 MB+DS3231+BME280+PMSX003-B+PMSX003-A,81,34,50,1009.55,0.00,37864,0,720,0.22,0.86,0.86,0.22,0.86,0.86,4,4,200.26,60.28,9.16,1.07,0.00,0.00,0.00,0.86,0.86,0.00,0.86,0.86,4,4,187.77,52.03,8.45,1.92,0.00,0.00,nan
2020-07-09 16:30:08.771954,2020/07/09T23:29:49z,84:f3:eb:7b:c9:a3,4.02,2.0+OPENLOG+15552 MB+DS3231+BME280+PMSX003-B+PMSX003-A,81,35,50,1009.47,0.00,37864,0,840,0.46,0.94,0.94,0.46,0.94,0.94,4,4,219.86,62.90,7.89,0.71,0.00,0.00,0.25,0.67,0.67,0.25,0.67,0.67,3,3,188.78,51.80,9.88,0.81,0.00,0.00,nan
